\BOOKMARK [0][-]{chapter*.3}{\376\377\000A\000b\000s\000t\000r\000a\000c\000t\000\040\000-\000\040\000D\000u\000t\000c\000h}{}% 1
\BOOKMARK [0][-]{chapter*.4}{\376\377\000A\000b\000s\000t\000r\000a\000c\000t\000\040\000-\000\040\000E\000n\000g\000l\000i\000s\000h}{}% 2
\BOOKMARK [0][-]{section*.5}{\376\377\000L\000i\000s\000t\000\040\000o\000f\000\040\000F\000i\000g\000u\000r\000e\000s}{}% 3
\BOOKMARK [0][-]{section*.6}{\376\377\000L\000i\000s\000t\000\040\000o\000f\000\040\000T\000a\000b\000l\000e\000s}{}% 4
\BOOKMARK [0][-]{section*.7}{\376\377\000L\000i\000s\000t\000\040\000o\000f\000\040\000A\000c\000r\000o\000n\000y\000m\000s}{}% 5
\BOOKMARK [0][-]{section*.9}{\376\377\000L\000i\000s\000t\000\040\000o\000f\000\040\000C\000o\000d\000e\000\040\000F\000r\000a\000g\000m\000e\000n\000t\000s}{}% 6
\BOOKMARK [0][-]{chapter.1}{\376\377\000I\000n\000t\000r\000o\000d\000u\000c\000t\000i\000o\000n}{}% 7
\BOOKMARK [1][-]{section*.10}{\376\377\000W\000I\000P}{chapter.1}% 8
\BOOKMARK [1][-]{section*.11}{\376\377\000O\000n\000d\000e\000r\000z\000o\000e\000k\000s\000v\000r\000a\000g\000e\000n}{chapter.1}% 9
\BOOKMARK [0][-]{chapter.2}{\376\377\000B\000a\000c\000k\000g\000r\000o\000u\000n\000d}{}% 10
\BOOKMARK [1][-]{section.2.1}{\376\377\000I\0002\000C\000\040\000f\000u\000n\000d\000a\000m\000e\000n\000t\000a\000l\000s}{chapter.2}% 11
\BOOKMARK [2][-]{subsection.2.1.1}{\376\377\000O\000p\000e\000r\000a\000t\000i\000o\000n\000s}{section.2.1}% 12
\BOOKMARK [2][-]{subsection.2.1.2}{\376\377\000S\000M\000B\000u\000s}{section.2.1}% 13
\BOOKMARK [1][-]{section*.15}{\376\377\000I\000n\000t\000e\000r\000f\000a\000c\000i\000n\000g\000\040\000h\000a\000r\000d\000w\000a\000r\000e}{chapter.2}% 14
\BOOKMARK [2][-]{subsection.2.2.1}{\376\377\000D\000i\000f\000f\000e\000r\000e\000n\000t\000\040\000v\000e\000r\000s\000i\000o\000n\000s\000\040\000o\000f\000\040\000e\000m\000b\000e\000d\000d\000e\000d\000-\000h\000a\000l}{section*.15}% 15
\BOOKMARK [2][-]{subsection.2.2.2}{\376\377\000P\000e\000r\000i\000p\000h\000e\000r\000a\000l\000\040\000A\000c\000c\000e\000s\000s\000\040\000C\000r\000a\000t\000e\000s}{section*.15}% 16
\BOOKMARK [2][-]{subsection.2.2.3}{\376\377\000R\000u\000n\000n\000i\000n\000g\000\040\000t\000h\000e\000\040\000s\000o\000l\000u\000t\000i\000o\000n}{section*.15}% 17
\BOOKMARK [1][-]{section*.16}{\376\377\000W\000e\000b\000A\000s\000s\000e\000m\000b\000l\000y}{chapter.2}% 18
\BOOKMARK [2][-]{subsection.2.3.1}{\376\377\000J\000a\000v\000a\000S\000c\000r\000i\000p\000t\000\040\000i\000n\000t\000e\000g\000r\000a\000t\000i\000o\000n}{section*.16}% 19
\BOOKMARK [1][-]{section*.17}{\376\377\000W\000e\000b\000A\000s\000s\000e\000m\000b\000l\000y\000\040\000S\000y\000s\000t\000e\000m\000\040\000I\000n\000t\000e\000r\000f\000a\000c\000e}{chapter.2}% 20
\BOOKMARK [2][-]{subsection.2.4.1}{\376\377\000W\000I\000T}{section*.17}% 21
\BOOKMARK [2][-]{subsection.2.4.2}{\376\377\000V\000e\000r\000s\000i\000o\000n\000s}{section*.17}% 22
\BOOKMARK [2][-]{subsection.2.4.3}{\376\377\000R\000u\000n\000t\000i\000m\000e\000s}{section*.17}% 23
\BOOKMARK [1][-]{section*.19}{\376\377\000T\000h\000e\000\040\000C\000o\000m\000p\000o\000n\000e\000n\000t\000\040\000M\000o\000d\000e\000l}{chapter.2}% 24
\BOOKMARK [2][-]{subsection.2.5.1}{\376\377\000T\000o\000o\000l\000c\000h\000a\000i\000n}{section*.19}% 25
\BOOKMARK [2][-]{subsection.2.5.2}{\376\377\000R\000u\000n\000n\000i\000n\000g\000\040\000c\000o\000m\000p\000o\000n\000e\000n\000t\000s}{section*.19}% 26
\BOOKMARK [0][-]{chapter.3}{\376\377\000A\000r\000c\000h\000i\000t\000e\000c\000t\000u\000r\000e\000\040\000a\000n\000d\000\040\000s\000t\000a\000n\000d\000a\000r\000d}{}% 27
\BOOKMARK [1][-]{section*.21}{\376\377\000T\000h\000e\000\040\000p\000r\000o\000p\000o\000s\000a\000l\000\040\000p\000r\000o\000c\000e\000s\000s}{chapter.3}% 28
\BOOKMARK [2][-]{subsection.3.1.1}{\376\377\000C\000o\000m\000m\000u\000n\000i\000t\000y}{section*.21}% 29
\BOOKMARK [2][-]{subsection.3.1.2}{\376\377\000C\000u\000r\000r\000e\000n\000t\000\040\000w\000a\000s\000i\000:\000i\0002\000c\000\040\000p\000h\000a\000s\000e}{section*.21}% 30
\BOOKMARK [1][-]{section*.22}{\376\377\000A\000l\000t\000e\000r\000n\000a\000t\000i\000v\000e\000s\000\040\000t\000o\000\040\000W\000a\000s\000m}{chapter.3}% 31
\BOOKMARK [0][-]{chapter.4}{\376\377\000I\000m\000p\000l\000e\000m\000e\000n\000t\000a\000t\000i\000o\000n\000s}{}% 32
\BOOKMARK [1][-]{section*.24}{\376\377\000E\000m\000b\000e\000d\000d\000e\000d\000\040\000d\000r\000i\000v\000e\000r\000\040\000d\000e\000v\000e\000l\000o\000p\000m\000e\000n\000t\000\040\000i\000n\000\040\000R\000u\000s\000t}{chapter.4}% 33
\BOOKMARK [1][-]{section*.25}{\376\377\000E\000m\000b\000e\000d\000d\000e\000d\000\040\000d\000r\000i\000v\000e\000r\000\040\000d\000e\000v\000e\000l\000o\000p\000m\000e\000n\000t\000\040\000i\000n\000\040\000W\000e\000b\000A\000s\000s\000e\000m\000b\000l\000y}{chapter.4}% 34
\BOOKMARK [2][-]{subsection.4.2.1}{\376\377\000W\000a\000s\000m\000t\000i\000m\000e}{section*.25}% 35
\BOOKMARK [2][-]{subsection.4.2.2}{\376\377\000W\000A\000M\000R}{section*.25}% 36
\BOOKMARK [2][-]{subsection.4.2.3}{\376\377\000P\000r\000o\000b\000l\000e\000m\000s}{section*.25}% 37
\BOOKMARK [0][-]{chapter.5}{\376\377\000E\000v\000a\000l\000u\000a\000t\000i\000o\000n}{}% 38
\BOOKMARK [0][-]{chapter*.27}{\376\377\000C\000o\000n\000c\000l\000u\000s\000i\000e}{}% 39
\BOOKMARK [0][-]{chapter*.28}{\376\377\000R\000e\000f\000e\000r\000e\000n\000c\000e\000s}{}% 40
\BOOKMARK [0][-]{section*.29}{\376\377\000A\000p\000p\000e\000n\000d\000i\000c\000e\000s}{}% 41
\BOOKMARK [1][-]{section*.30}{\376\377\000B\000i\000j\000l\000a\000g\000e\000\040\000A}{section*.29}% 42
\BOOKMARK [1][-]{section*.31}{\376\377\000B\000i\000j\000l\000a\000g\000e\000\040\000B}{section*.29}% 43
